######## begin of glide-dock-0001.log #########
Glide version 82011 (mmshare version 45011)
Copyright (c) Schrodinger, LLC.
All Rights Reserved.

--------------------------------------------------------------------------------
JobId          : gpunode1-0-60ca47fc
Name           : glide-dock-0001
Program        : Glide
MMshareExec    : /prog/schrodinger/2019u1-new/mmshare-v4.5/bin/Linux-x86_64
Host           : gpunode1
Dir            : /tmp/praktikum03/glide-dock
HostEntry      : localhost
JobHost        : gpunode1
JobDir         : /tmp/praktikum03/glide-dock-0001
JobMMshareExec : /prog/schrodinger/2019u1-new/mmshare-v4.5/bin/Linux-x86_64
Commandline    : /prog/schrodinger/2019u1-new/glide -RESTART -serial glide-dock-0001.inp -HOST localhost
StartTime      : 2021-06-16-20:50:37
--------------------------------------------------------------------------------

 VdW radii of ligand atoms scaled by   0.800000000000000     
 Charge cutoff for polarity   0.150000000000000     
 After readscreen, (nx, ny, nz) = (          30 ,           30 ,           30 ).
  Receptor setup: (nsites, nx, ny, nz, bsize)=(         125 ,           30 , 
          30 ,           30 ,    1.00000000000000      ).
 Screening setup finished.
 DOCKMAIN: getting receptor.
  DOCKMAIN after grid: (nx, ny, nz) = (          80 ,           80 , 
          80 ).
 DOCKMAIN: Grid setup finished
SMARTS pattern for Glide RMSD and Core Constraints:
[N+X4][C-0X4]1[C-0X4]([O-0X2])[O-0X2][C-0X4]([C-0X4][O-0X2][P-0X4](=[O-0X1])([O-X1])[O-X1])[C-0X4]([O-0X2])[C-0X4]1[O-0X2]
Calling OPLS3e atomtyping ...
Finished parameter assignment

Reading torsion control file '/prog/schrodinger/2019u1-new/glide-v8.2/bin/Linux-x86_64/../../data/torcontrol.txt':
  
  Using generalized torsion control 
  
 Number of rotatable bonds            6
 Using templates for ring conformations.

GlideScore version SP5.0 will be used

  
 Buried polar penalty      0.000
 Coulomb vdW cutoff        0.000
 H bond cutoff             0.000
 Metal-ligand cutoff      10.000
Assigning GlideScore SP5.0 parameters
Postdocking minimization:   5 poses; CvdW cutoffs   100.0 kcal/mol for min,     0.0 kcal/mol for report.
 AT PRINT LOCATION
 Zpotr after scale -0.875721532794414     
 AT PRINT LOCATION
 Zpotr after scale -0.984088791338828     
 AT PRINT LOCATION
 Zpotr after scale  -2.05014537970322     
 AT PRINT LOCATION
 Zpotr after scale  -2.21217655346161     
 AT PRINT LOCATION
 Zpotr after scale  -1.93953793786909     
GlideScore(   -7.43)+Epik State Penalty(   -0.00) =    -7.43 kcal/mol
GlideScore(   -7.71)+Epik State Penalty(   -0.00) =    -7.71 kcal/mol
DOCKING RESULTS FOR LIGAND        1 (4R1)
Best Emodel=   -74.75 E=   -40.22 Eint=     8.14 GlideScore=    -7.43; rmsd=   1.320
  
 REPORT OF DOCKED POSES
  
 The ligand structures were written to the file
glide-dock-0001_raw.maegz

Exiting Glide
Date: Wednesday, June 16 2021, at 20:50:46 CEST
CPU time (s): 7.0 user, 0.2 system, 7.9 real
Total elapsed time = 8 seconds
######## end of glide-dock-0001.log #########
