Docking 1Q11...
Running ligprep job for ligand...
BatchId: 51462
JobId: eros-0-60c9fa4c

Running prepwizard job for refligand...
JobId: eros-0-60c9fa4f

Running prepwizard job for receptor...
JobId: eros-0-60c9fa6f

Running glide grid generation...
Removing previous job files...
BatchId: 51463
JobId: eros-0-60c9faec

ExitStatus: finished
Running glide docking...
Removing previous job files...
BatchId: 51464
JobId: eros-0-60c9fb2e

ExitStatus: finished
Done.
Docking 1QY2...
Running ligprep job for ligand...
BatchId: 51465
JobId: eros-0-60c9fb4e

Running prepwizard job for refligand...
JobId: eros-0-60c9fb51

Running prepwizard job for receptor...
JobId: eros-0-60c9fb53

Running glide grid generation...
Removing previous job files...
BatchId: 51466
JobId: eros-0-60c9fb95

ExitStatus: finished
Running glide docking...
Removing previous job files...
BatchId: 51467
JobId: eros-0-60c9fbd6

ExitStatus: finished
Done.
Docking 1TUV...
Running ligprep job for ligand...
BatchId: 51468
JobId: eros-0-60c9fbf7

Running prepwizard job for refligand...
JobId: eros-0-60c9fbf9

Running prepwizard job for receptor...
JobId: eros-0-60c9fbfb

Running glide grid generation...
Removing previous job files...
BatchId: 51471
JobId: eros-0-60c9fc1b

ExitStatus: finished
Running glide docking...
Removing previous job files...
BatchId: 51474
JobId: eros-0-60c9fc3b

ExitStatus: finished
Done.
Docking 1UKA...
Running ligprep job for ligand...
BatchId: 51475
JobId: eros-0-60c9fc4a

Running prepwizard job for refligand...
JobId: eros-0-60c9fc4c

Running prepwizard job for receptor...
JobId: eros-0-60c9fc4d

Running glide grid generation...
Removing previous job files...
BatchId: 51476
JobId: eros-0-60c9fcca

ExitStatus: finished
Running glide docking...
Removing previous job files...
BatchId: 51478
JobId: eros-0-60c9fd0a

ExitStatus: finished
Done.
Docking 1Y2C...
Running ligprep job for ligand...
BatchId: 51479
JobId: eros-0-60c9fd1a

Running prepwizard job for refligand...
JobId: eros-0-60c9fd1b

Running prepwizard job for receptor...
JobId: eros-0-60c9fd1d

Running glide grid generation...
Removing previous job files...
BatchId: 51481
JobId: eros-0-60c9fd9c

ExitStatus: finished
Running glide docking...
Removing previous job files...
BatchId: 51482
JobId: eros-0-60c9fdde

ExitStatus: finished
Done.
Docking 2BDG...
Running ligprep job for ligand...
BatchId: 51483
JobId: eros-0-60c9fdfe

Running prepwizard job for refligand...
JobId: eros-0-60c9fe01

Running prepwizard job for receptor...
JobId: eros-0-60c9fe03

Running glide grid generation...
Removing previous job files...
BatchId: 51484
JobId: eros-0-60c9fe45

ExitStatus: finished
Running glide docking...
Removing previous job files...
BatchId: 51485
JobId: eros-0-60c9fe85

ExitStatus: finished
Done.
Docking 2CFI...
Running ligprep job for ligand...
BatchId: 51486
JobId: eros-0-60c9fea5

Running prepwizard job for refligand...
JobId: eros-0-60c9fea7

Running prepwizard job for receptor...
JobId: eros-0-60c9fea8

Running glide grid generation...
Removing previous job files...
BatchId: 51487
JobId: eros-0-60c9fee9

ExitStatus: finished
Running glide docking...
Removing previous job files...
BatchId: 51488
JobId: eros-0-60c9ff29

ExitStatus: finished
Done.
Docking 2DZA...
Running ligprep job for ligand...
BatchId: 51489
JobId: eros-0-60c9ff48

Running prepwizard job for refligand...
JobId: eros-0-60c9ff4a

Running prepwizard job for receptor...
JobId: eros-0-60c9ff4c

Running glide grid generation...
Removing previous job files...
BatchId: 51490
JobId: eros-0-60c9ff8d

ExitStatus: finished
Running glide docking...
Removing previous job files...
BatchId: 51491
JobId: eros-0-60c9ffcf

ExitStatus: finished
Done.
Docking 2FP2...
Running ligprep job for ligand...
BatchId: 51492
JobId: eros-0-60c9fff0

Running prepwizard job for refligand...
JobId: eros-0-60c9fff3

Running prepwizard job for receptor...
JobId: eros-0-60c9fff6

Running glide grid generation...
Removing previous job files...
BatchId: 51494
JobId: eros-0-60ca0037

ExitStatus: finished
Running glide docking...
Removing previous job files...
BatchId: 51495
JobId: eros-0-60ca0079

ExitStatus: finished
Done.
Docking 2I5X...
Running ligprep job for ligand...
BatchId: 51496
JobId: eros-0-60ca0099

Running prepwizard job for refligand...
JobId: eros-0-60ca009c

Running prepwizard job for receptor...
JobId: eros-0-60ca009e

Running glide grid generation...
Removing previous job files...
BatchId: 51497
JobId: eros-0-60ca011a

ExitStatus: finished
Running glide docking...
Removing previous job files...
BatchId: 51498
JobId: eros-0-60ca015b

ExitStatus: finished
Done.
Docking 2J7Y...
Running ligprep job for ligand...
BatchId: 51499
JobId: eros-0-60ca017a

Running prepwizard job for refligand...
JobId: eros-0-60ca017c

Running prepwizard job for receptor...
JobId: eros-0-60ca017e

Running glide grid generation...
Removing previous job files...
BatchId: 51500
JobId: eros-0-60ca01bd

ExitStatus: finished
Running glide docking...
Removing previous job files...
Input file(s) missing: '/mnt/data/praktikum03/WORK/Luis/Masterarbeit/Daten/LEADS-FRAG/ci0c00693_si_002/2J7Y/prepwiz-refligand/prepwiz-refligand-out.mae'
(for more info, set SCHRODINGER_PYTHON_DEBUG environment variable)
[ERROR] Docking failed.
Docking 2P9A...
Running ligprep job for ligand...
BatchId: 51501
JobId: eros-0-60ca0201

Running prepwizard job for refligand...
JobId: eros-0-60ca0204

Running prepwizard job for receptor...
JobId: eros-0-60ca0205

Running glide grid generation...
Removing previous job files...
BatchId: 51502
JobId: eros-0-60ca0283

ExitStatus: finished
Running glide docking...
Removing previous job files...
BatchId: 51503
JobId: eros-0-60ca02c5

ExitStatus: finished
Done.
Docking 2RC9...
Running ligprep job for ligand...
BatchId: 51504
JobId: eros-0-60ca02e4

Running prepwizard job for refligand...
JobId: eros-0-60ca02e7

Running prepwizard job for receptor...
JobId: eros-0-60ca02e9

Running glide grid generation...
Removing previous job files...
BatchId: 51506
JobId: eros-0-60ca0366

ExitStatus: finished
Running glide docking...
Removing previous job files...
BatchId: 51507
JobId: eros-0-60ca03a6

ExitStatus: finished
Done.
Docking 2RIN...
Running ligprep job for ligand...
BatchId: 51508
JobId: eros-0-60ca03c5

Running prepwizard job for refligand...
JobId: eros-0-60ca03c7

Running prepwizard job for receptor...
JobId: eros-0-60ca03c9

Running glide grid generation...
Removing previous job files...
BatchId: 51509
JobId: eros-0-60ca0409

ExitStatus: finished
Running glide docking...
Removing previous job files...
BatchId: 51510
JobId: eros-0-60ca044a

ExitStatus: finished
Done.
Docking 2VPN...
Running ligprep job for ligand...
BatchId: 51511
JobId: eros-0-60ca046b

Running prepwizard job for refligand...
JobId: eros-0-60ca046e

Running prepwizard job for receptor...
JobId: eros-0-60ca046f

Running glide grid generation...
Removing previous job files...
BatchId: 51512
JobId: eros-0-60ca04ed

ExitStatus: finished
Running glide docking...
Removing previous job files...
BatchId: 51513
JobId: eros-0-60ca052f

ExitStatus: finished
Done.
Docking 2W6P...
Running ligprep job for ligand...
BatchId: 51514
JobId: eros-0-60ca054f

Running prepwizard job for refligand...
JobId: eros-0-60ca0550

Running prepwizard job for receptor...
JobId: eros-0-60ca0552

Running glide grid generation...
Removing previous job files...
BatchId: 51515
JobId: eros-0-60ca05ce

ExitStatus: finished
Running glide docking...
Removing previous job files...
BatchId: 51516
JobId: eros-0-60ca064b

ExitStatus: finished
Done.
Docking 2WEI...
Running ligprep job for ligand...
BatchId: 51517
JobId: eros-0-60ca068c

Running prepwizard job for refligand...
JobId: eros-0-60ca068f

Running prepwizard job for receptor...
JobId: eros-0-60ca0691

Running glide grid generation...
Removing previous job files...
BatchId: 51518
JobId: eros-0-60ca070f

ExitStatus: finished
Running glide docking...
Removing previous job files...
BatchId: 51519
JobId: eros-0-60ca0751

ExitStatus: finished
Done.
Docking 2X0U...
Running ligprep job for ligand...
BatchId: 51520
JobId: eros-0-60ca0771

Running prepwizard job for refligand...
JobId: eros-0-60ca0774

Running prepwizard job for receptor...
JobId: eros-0-60ca0775

Running glide grid generation...
Removing previous job files...
BatchId: 51521
JobId: eros-0-60ca07b5

ExitStatus: finished
Running glide docking...
Removing previous job files...
BatchId: 51522
JobId: eros-0-60ca07f6

ExitStatus: finished
Done.
Docking 2X8D...
Running ligprep job for ligand...
BatchId: 51524
JobId: eros-0-60ca0815

Running prepwizard job for refligand...
JobId: eros-0-60ca0817

Running prepwizard job for receptor...
JobId: eros-0-60ca0818

Running glide grid generation...
Removing previous job files...
BatchId: 51525
JobId: eros-0-60ca0895

ExitStatus: finished
Running glide docking...
Removing previous job files...
BatchId: 51526
JobId: eros-0-60ca08d7

ExitStatus: finished
Done.
Docking 2YC3...
Running ligprep job for ligand...
BatchId: 51527
JobId: eros-0-60ca08f7

Running prepwizard job for refligand...
JobId: eros-0-60ca08fa

Running prepwizard job for receptor...
JobId: eros-0-60ca08fc

Running glide grid generation...
Removing previous job files...
BatchId: 51528
JobId: eros-0-60ca093d

ExitStatus: finished
Running glide docking...
Removing previous job files...
BatchId: 51529
JobId: eros-0-60ca097f

ExitStatus: finished
Done.
Docking 2YK1...
Running ligprep job for ligand...
BatchId: 51530
JobId: eros-0-60ca099f

Running prepwizard job for refligand...
JobId: eros-0-60ca09a3

Running prepwizard job for receptor...
JobId: eros-0-60ca09a4

Running glide grid generation...
Removing previous job files...
BatchId: 51531
JobId: eros-0-60ca0a20

ExitStatus: finished
Running glide docking...
Removing previous job files...
BatchId: 51532
JobId: eros-0-60ca0a61

ExitStatus: finished
Done.
Docking 3BU1...
Running ligprep job for ligand...
BatchId: 51533
JobId: eros-0-60ca0a80

Running prepwizard job for refligand...
JobId: eros-0-60ca0a82

Running prepwizard job for receptor...
JobId: eros-0-60ca0a83

Running glide grid generation...
Removing previous job files...
BatchId: 51534
JobId: eros-0-60ca0ac3

ExitStatus: finished
Running glide docking...
Removing previous job files...
BatchId: 51535
JobId: eros-0-60ca0ae3

ExitStatus: finished
Done.
Docking 3CHC...
Running ligprep job for ligand...
BatchId: 51536
JobId: eros-0-60ca0b04

Running prepwizard job for refligand...
JobId: eros-0-60ca0b07

Running prepwizard job for receptor...
JobId: eros-0-60ca0b09

Running glide grid generation...
Removing previous job files...
BatchId: 51537
JobId: eros-0-60ca0b86

ExitStatus: finished
Running glide docking...
Removing previous job files...
BatchId: 51538
JobId: eros-0-60ca0bc8

ExitStatus: finished
Done.
Docking 3E62...
Running ligprep job for ligand...
BatchId: 51539
JobId: eros-0-60ca0be8

Running prepwizard job for refligand...
JobId: eros-0-60ca0beb

Running prepwizard job for receptor...
JobId: eros-0-60ca0bed

Running glide grid generation...
Removing previous job files...
BatchId: 51540
JobId: eros-0-60ca0c69

ExitStatus: finished
Running glide docking...
Removing previous job files...
BatchId: 51541
JobId: eros-0-60ca0cab

ExitStatus: finished
Done.
Docking 3EBO...
Running ligprep job for ligand...
BatchId: 51542
JobId: eros-0-60ca0ccb

Running prepwizard job for refligand...
JobId: eros-0-60ca0ccd

Running prepwizard job for receptor...
JobId: eros-0-60ca0cce

Running glide grid generation...
Removing previous job files...
BatchId: 51543
JobId: eros-0-60ca0e3c

ExitStatus: finished
Running glide docking...
Removing previous job files...
BatchId: 51545
JobId: eros-0-60ca0ef5

ExitStatus: finished
Done.
Docking 3ESS...
Running ligprep job for ligand...
BatchId: 51546
JobId: eros-0-60ca0f14

Running prepwizard job for refligand...
JobId: eros-0-60ca0f16

Running prepwizard job for receptor...
JobId: eros-0-60ca0f17

Running glide grid generation...
Removing previous job files...
BatchId: 51547
JobId: eros-0-60ca0f58

ExitStatus: finished
Running glide docking...
Removing previous job files...
BatchId: 51548
JobId: eros-0-60ca0f78

ExitStatus: finished
Done.
Docking 3FTV...
Running ligprep job for ligand...
BatchId: 51549
JobId: eros-0-60ca0f88

Running prepwizard job for refligand...
JobId: eros-0-60ca0f8b

Running prepwizard job for receptor...
JobId: eros-0-60ca0f8d

Running glide grid generation...
Removing previous job files...
BatchId: 51550
JobId: eros-0-60ca1082

ExitStatus: finished
Running glide docking...
Removing previous job files...
BatchId: 51551
JobId: eros-0-60ca10ff

ExitStatus: finished
Done.
Docking 3GKZ...
Running ligprep job for ligand...
BatchId: 51552
JobId: eros-0-60ca111e

Running prepwizard job for refligand...
JobId: eros-0-60ca1120

Running prepwizard job for receptor...
JobId: eros-0-60ca1122

Running glide grid generation...
Removing previous job files...
BatchId: 51553
JobId: eros-0-60ca1161

ExitStatus: finished
Running glide docking...
Removing previous job files...
BatchId: 51554
JobId: eros-0-60ca11a2

ExitStatus: finished
Done.
Docking 3GOC...
Running ligprep job for ligand...
BatchId: 51555
JobId: eros-0-60ca11c1

Running prepwizard job for refligand...
JobId: eros-0-60ca11c3

Running prepwizard job for receptor...
JobId: eros-0-60ca11c4

Running glide grid generation...
Removing previous job files...
BatchId: 51556
JobId: eros-0-60ca1242

ExitStatus: finished
Running glide docking...
Removing previous job files...
Input file(s) missing: '/mnt/data/praktikum03/WORK/Luis/Masterarbeit/Daten/LEADS-FRAG/ci0c00693_si_002/3GOC/prepwiz-refligand/prepwiz-refligand-out.mae'
(for more info, set SCHRODINGER_PYTHON_DEBUG environment variable)
[ERROR] Docking failed.
Docking 3IXL...
Running ligprep job for ligand...
BatchId: 51557
JobId: eros-0-60ca12c1

Running prepwizard job for refligand...
JobId: eros-0-60ca12c4

Running prepwizard job for receptor...
JobId: eros-0-60ca12c6

Running glide grid generation...
Removing previous job files...
BatchId: 51558
JobId: eros-0-60ca1305

ExitStatus: finished
Running glide docking...
Removing previous job files...
BatchId: 51559
JobId: eros-0-60ca1346

ExitStatus: finished
Done.
Docking 3L4L...
Running ligprep job for ligand...
BatchId: 51560
JobId: eros-0-60ca1365

Running prepwizard job for refligand...
JobId: eros-0-60ca1367

Running prepwizard job for receptor...
JobId: eros-0-60ca1368

Running glide grid generation...
Removing previous job files...
BatchId: 51561
JobId: eros-0-60ca13a8

ExitStatus: finished
Running glide docking...
Removing previous job files...
BatchId: 51562
JobId: eros-0-60ca13c8

ExitStatus: finished
Done.
Docking 3MS9...
Running ligprep job for ligand...
BatchId: 51563
JobId: eros-0-60ca13e8

Running prepwizard job for refligand...
JobId: eros-0-60ca13ea

Running prepwizard job for receptor...
JobId: eros-0-60ca13eb

Running glide grid generation...
Removing previous job files...
BatchId: 51564
JobId: eros-0-60ca142d

ExitStatus: finished
Running glide docking...
Removing previous job files...
BatchId: 51565
JobId: eros-0-60ca146f

ExitStatus: finished
Done.
Docking 3MYK...
Running ligprep job for ligand...
BatchId: 51566
JobId: eros-0-60ca148e

Running prepwizard job for refligand...
JobId: eros-0-60ca1491

Running prepwizard job for receptor...
JobId: eros-0-60ca1493

Running glide grid generation...
Removing previous job files...
BatchId: 51567
JobId: eros-0-60ca1587

ExitStatus: finished
Running glide docking...
Removing previous job files...
BatchId: 51568
JobId: eros-0-60ca1604

ExitStatus: finished
Done.
Docking 3MZ9...
Running ligprep job for ligand...
BatchId: 51569
JobId: eros-0-60ca1624

Running prepwizard job for refligand...
JobId: eros-0-60ca1626

Running prepwizard job for receptor...
JobId: eros-0-60ca1627

Running glide grid generation...
Removing previous job files...
BatchId: 51570
JobId: eros-0-60ca16e1

ExitStatus: finished
Running glide docking...
Removing previous job files...
BatchId: 51571
JobId: eros-0-60ca175f

ExitStatus: finished
Done.
Docking 3ODG...
Running ligprep job for ligand...
BatchId: 51572
JobId: eros-0-60ca177f

Running prepwizard job for refligand...
JobId: eros-0-60ca1782

Running prepwizard job for receptor...
JobId: eros-0-60ca1784

Running glide grid generation...
Removing previous job files...
BatchId: 51573
JobId: eros-0-60ca1800

ExitStatus: finished
Running glide docking...
Removing previous job files...
BatchId: 51574
JobId: eros-0-60ca1840

ExitStatus: finished
Done.
Docking 3P1F...
Running ligprep job for ligand...
BatchId: 51575
JobId: eros-0-60ca1860

Running prepwizard job for refligand...
JobId: eros-0-60ca1861

Running prepwizard job for receptor...
JobId: eros-0-60ca1863

Running glide grid generation...
Removing previous job files...
BatchId: 51576
JobId: eros-0-60ca18a3

ExitStatus: finished
Running glide docking...
Removing previous job files...
BatchId: 51577
JobId: eros-0-60ca18c4

ExitStatus: finished
Done.
Docking 3PXK...
Running ligprep job for ligand...
BatchId: 51578
JobId: eros-0-60ca18e4

Running prepwizard job for refligand...
JobId: eros-0-60ca18e7

Running prepwizard job for receptor...
JobId: eros-0-60ca18e9

Running glide grid generation...
Removing previous job files...
BatchId: 51579
JobId: eros-0-60ca192a

ExitStatus: finished
Running glide docking...
Removing previous job files...
BatchId: 51580
JobId: eros-0-60ca196c

ExitStatus: finished
Done.
Docking 3R4M...
Running ligprep job for ligand...
BatchId: 51581
JobId: eros-0-60ca198c

Running prepwizard job for refligand...
JobId: eros-0-60ca198f

Running prepwizard job for receptor...
JobId: eros-0-60ca1991

Running glide grid generation...
Removing previous job files...
BatchId: 51582
JobId: eros-0-60ca19d2

ExitStatus: finished
Running glide docking...
Removing previous job files...
BatchId: 51583
JobId: eros-0-60ca1a12

ExitStatus: finished
Done.
Docking 3R8P...
Running ligprep job for ligand...
BatchId: 51584
JobId: eros-0-60ca1a31

Running prepwizard job for refligand...
JobId: eros-0-60ca1a33

Running prepwizard job for receptor...
JobId: eros-0-60ca1a35

Running glide grid generation...
Removing previous job files...
BatchId: 51585
JobId: eros-0-60ca1ab1

ExitStatus: finished
Running glide docking...
Removing previous job files...
BatchId: 51586
JobId: eros-0-60ca1af2

ExitStatus: finished
Done.
Docking 3SRB...
Running ligprep job for ligand...
BatchId: 51587
JobId: eros-0-60ca1b11

Running prepwizard job for refligand...
JobId: eros-0-60ca1b14

Running prepwizard job for receptor...
JobId: eros-0-60ca1b16

Running glide grid generation...
Removing previous job files...
BatchId: 51588
JobId: eros-0-60ca1c0b

ExitStatus: finished
Running glide docking...
Removing previous job files...
BatchId: 51589
JobId: eros-0-60ca1c88

ExitStatus: finished
Done.
Docking 3UWK...
Running ligprep job for ligand...
BatchId: 51590
JobId: eros-0-60ca1ca8

Running prepwizard job for refligand...
JobId: eros-0-60ca1caa

Running prepwizard job for receptor...
JobId: eros-0-60ca1cab

Running glide grid generation...
Removing previous job files...
BatchId: 51591
JobId: eros-0-60ca1ceb

ExitStatus: finished
Running glide docking...
Removing previous job files...
BatchId: 51592
JobId: eros-0-60ca1d2b

ExitStatus: finished
Done.
Docking 3UZJ...
Running ligprep job for ligand...
BatchId: 51593
JobId: eros-0-60ca1d4b

Running prepwizard job for refligand...
JobId: eros-0-60ca1d4e

Running prepwizard job for receptor...
JobId: eros-0-60ca1d4f

Running glide grid generation...
Removing previous job files...
BatchId: 51594
JobId: eros-0-60ca1d91

ExitStatus: finished
Running glide docking...
Removing previous job files...
BatchId: 51595
JobId: eros-0-60ca1dd2

ExitStatus: finished
Done.
Docking 3VGN...
Running ligprep job for ligand...
BatchId: 51596
JobId: eros-0-60ca1df2

Running prepwizard job for refligand...
JobId: eros-0-60ca1df5

Running prepwizard job for receptor...
JobId: eros-0-60ca1df7

Running glide grid generation...
Removing previous job files...
BatchId: 51597
JobId: eros-0-60ca1e38

ExitStatus: finished
Running glide docking...
Removing previous job files...
BatchId: 51598
JobId: eros-0-60ca1e59

ExitStatus: finished
Done.
Docking 4AHU...
Running ligprep job for ligand...
BatchId: 51601
JobId: eros-0-60ca1e79

Running prepwizard job for refligand...
JobId: eros-0-60ca1e7b

Running prepwizard job for receptor...
JobId: eros-0-60ca1e7c

Running glide grid generation...
Removing previous job files...
BatchId: 51603
JobId: eros-0-60ca1ebc

ExitStatus: finished
Running glide docking...
Removing previous job files...
BatchId: 51604
JobId: eros-0-60ca1efc

ExitStatus: finished
Done.
Docking 4C6X...
Running ligprep job for ligand...
BatchId: 51605
JobId: eros-0-60ca1f1c

Running prepwizard job for refligand...
JobId: eros-0-60ca1f1d

Running prepwizard job for receptor...
JobId: eros-0-60ca1f1f

Running glide grid generation...
Removing previous job files...
BatchId: 51606
JobId: eros-0-60ca1f9c

ExitStatus: finished
Running glide docking...
Removing previous job files...
BatchId: 51607
JobId: eros-0-60ca201a

ExitStatus: finished
Done.
Docking 4CCW...
Running ligprep job for ligand...
BatchId: 51608
JobId: eros-0-60ca203a

Running prepwizard job for refligand...
JobId: eros-0-60ca203d

Running prepwizard job for receptor...
JobId: eros-0-60ca203e

Running glide grid generation...
Removing previous job files...
BatchId: 51609
JobId: eros-0-60ca20bb

ExitStatus: finished
Running glide docking...
Removing previous job files...
BatchId: 51610
JobId: eros-0-60ca20fb

ExitStatus: finished
Done.
Docking 4CZH...
Running ligprep job for ligand...
BatchId: 51611
JobId: eros-0-60ca211b

Running prepwizard job for refligand...
JobId: eros-0-60ca211c

Running prepwizard job for receptor...
JobId: eros-0-60ca211e

Running glide grid generation...
Removing previous job files...
BatchId: 51614
JobId: eros-0-60ca219a

ExitStatus: finished
Running glide docking...
Removing previous job files...
BatchId: 51621
JobId: eros-0-60ca21db

ExitStatus: finished
Done.
Docking 4D6S...
Running ligprep job for ligand...
BatchId: 51622
JobId: eros-0-60ca21ea

Running prepwizard job for refligand...
JobId: eros-0-60ca21ed

Running prepwizard job for receptor...
JobId: eros-0-60ca21ef

Running glide grid generation...
Removing previous job files...
BatchId: 51623
JobId: eros-0-60ca226c

ExitStatus: finished
Running glide docking...
Removing previous job files...
BatchId: 51624
JobId: eros-0-60ca22ae

ExitStatus: finished
Done.
Docking 4E70...
Running ligprep job for ligand...
BatchId: 51625
JobId: eros-0-60ca22ce

Running prepwizard job for refligand...
JobId: eros-0-60ca22d1

Running prepwizard job for receptor...
JobId: eros-0-60ca22d2

Running glide grid generation...
Removing previous job files...
BatchId: 51626
JobId: eros-0-60ca2403

ExitStatus: finished
Running glide docking...
Removing previous job files...
BatchId: 51627
JobId: eros-0-60ca24bd

ExitStatus: finished
Done.
Docking 4EKP...
Running ligprep job for ligand...
BatchId: 51628
JobId: eros-0-60ca24dd

Running prepwizard job for refligand...
JobId: eros-0-60ca24e0

Running prepwizard job for receptor...
JobId: eros-0-60ca24e1

Running glide grid generation...
Removing previous job files...
BatchId: 51629
JobId: eros-0-60ca2522

ExitStatus: finished
Running glide docking...
Removing previous job files...
BatchId: 51630
JobId: eros-0-60ca2563

ExitStatus: finished
Done.
Docking 4EUO...
Running ligprep job for ligand...
BatchId: 51631
JobId: eros-0-60ca2582

Running prepwizard job for refligand...
JobId: eros-0-60ca2584

Running prepwizard job for receptor...
JobId: eros-0-60ca2586

Running glide grid generation...
Removing previous job files...
BatchId: 51632
JobId: eros-0-60ca2602

ExitStatus: finished
Running glide docking...
Removing previous job files...
BatchId: 51633
JobId: eros-0-60ca2642

ExitStatus: finished
Done.
Docking 4G28...
Running ligprep job for ligand...
BatchId: 51634
JobId: eros-0-60ca2662

Running prepwizard job for refligand...
JobId: eros-0-60ca2664

Running prepwizard job for receptor...
JobId: eros-0-60ca2665

Running glide grid generation...
Removing previous job files...
BatchId: 51635
JobId: eros-0-60ca26e2

ExitStatus: finished
Running glide docking...
Removing previous job files...
BatchId: 51636
JobId: eros-0-60ca2760

ExitStatus: finished
Done.
Docking 4G46...
Running ligprep job for ligand...
BatchId: 51637
JobId: eros-0-60ca2780

Running prepwizard job for refligand...
JobId: eros-0-60ca2783

Running prepwizard job for receptor...
JobId: eros-0-60ca2784

Running glide grid generation...
Removing previous job files...
BatchId: 51638
JobId: eros-0-60ca2800

ExitStatus: finished
Running glide docking...
Removing previous job files...
BatchId: 51639
JobId: eros-0-60ca287d

ExitStatus: finished
Done.
Docking 4H9G...
Running ligprep job for ligand...
BatchId: 51640
JobId: eros-0-60ca289c

Running prepwizard job for refligand...
JobId: eros-0-60ca289e

Running prepwizard job for receptor...
JobId: eros-0-60ca28a0

Running glide grid generation...
Removing previous job files...
BatchId: 51641
JobId: eros-0-60ca291d

ExitStatus: finished
Running glide docking...
Removing previous job files...
BatchId: 51642
JobId: eros-0-60ca299b

ExitStatus: finished
Done.
Docking 4I6B...
Running ligprep job for ligand...
BatchId: 51643
JobId: eros-0-60ca29bb

Running prepwizard job for refligand...
JobId: eros-0-60ca29be

Running prepwizard job for receptor...
JobId: eros-0-60ca29c0

Running glide grid generation...
Removing previous job files...
BatchId: 51644
JobId: eros-0-60ca2a3c

ExitStatus: finished
Running glide docking...
Removing previous job files...
BatchId: 51645
JobId: eros-0-60ca2a7c

ExitStatus: finished
Done.
Docking 4I6Q...
Running ligprep job for ligand...
BatchId: 51646
JobId: eros-0-60ca2a9c

Running prepwizard job for refligand...
JobId: eros-0-60ca2a9e

Running prepwizard job for receptor...
JobId: eros-0-60ca2a9f

Running glide grid generation...
Removing previous job files...
BatchId: 51647
JobId: eros-0-60ca2adf

ExitStatus: finished
Running glide docking...
Removing previous job files...
BatchId: 51648
JobId: eros-0-60ca2b20

ExitStatus: finished
Done.
Docking 4J9W...
Running ligprep job for ligand...
BatchId: 51649
JobId: eros-0-60ca2b40

Running prepwizard job for refligand...
JobId: eros-0-60ca2b43

Running prepwizard job for receptor...
JobId: eros-0-60ca2b45

Running glide grid generation...
Removing previous job files...
BatchId: 51650
JobId: eros-0-60ca2bc2

ExitStatus: finished
Running glide docking...
Removing previous job files...
BatchId: 51651
JobId: eros-0-60ca2c04

ExitStatus: finished
Done.
Docking 4JYM...
Running ligprep job for ligand...
BatchId: 51652
JobId: eros-0-60ca2c24

Running prepwizard job for refligand...
JobId: eros-0-60ca2c27

Running prepwizard job for receptor...
JobId: eros-0-60ca2c28

Running glide grid generation...
Removing previous job files...
BatchId: 51653
JobId: eros-0-60ca2ca4

ExitStatus: finished
Running glide docking...
Removing previous job files...
BatchId: 51654
JobId: eros-0-60ca2ce5

ExitStatus: finished
Done.
Docking 4K5Z...
Running ligprep job for ligand...
BatchId: 51655
JobId: eros-0-60ca2d04

Running prepwizard job for refligand...
JobId: eros-0-60ca2d06

Running prepwizard job for receptor...
JobId: eros-0-60ca2d08

Running glide grid generation...
Removing previous job files...
BatchId: 51656
JobId: eros-0-60ca2d47

ExitStatus: finished
Running glide docking...
Removing previous job files...
BatchId: 51657
JobId: eros-0-60ca2d89

ExitStatus: finished
Done.
Docking 4KLW...
Running ligprep job for ligand...
BatchId: 51658
JobId: eros-0-60ca2da9

Running prepwizard job for refligand...
JobId: eros-0-60ca2dac

Running prepwizard job for receptor...
JobId: eros-0-60ca2dad

Running glide grid generation...
Removing previous job files...
BatchId: 51659
JobId: eros-0-60ca2dee

ExitStatus: finished
Running glide docking...
Removing previous job files...
BatchId: 51660
JobId: eros-0-60ca2e30

ExitStatus: finished
Done.
Docking 4LVB...
Running ligprep job for ligand...
BatchId: 51661
JobId: eros-0-60ca2e50

Running prepwizard job for refligand...
JobId: eros-0-60ca2e53

Running prepwizard job for receptor...
JobId: eros-0-60ca2e54

Running glide grid generation...
Removing previous job files...
BatchId: 51662
JobId: eros-0-60ca2ffe

ExitStatus: finished
Running glide docking...
Removing previous job files...
BatchId: 51663
JobId: eros-0-60ca30b8

ExitStatus: finished
Done.
Docking 4MNI...
Running ligprep job for ligand...
BatchId: 51664
JobId: eros-0-60ca30d7

Running prepwizard job for refligand...
JobId: eros-0-60ca30d9

Running prepwizard job for receptor...
JobId: eros-0-60ca30db

Running glide grid generation...
Removing previous job files...
BatchId: 51665
JobId: eros-0-60ca3157

ExitStatus: finished
Running glide docking...
Removing previous job files...
BatchId: 51666
JobId: eros-0-60ca3197

ExitStatus: finished
Done.
Docking 4MRH...
Running ligprep job for ligand...
BatchId: 51667
JobId: eros-0-60ca31d6

Running prepwizard job for refligand...
JobId: eros-0-60ca31d8

Running prepwizard job for receptor...
JobId: eros-0-60ca31da

Running glide grid generation...
Removing previous job files...
BatchId: 51668
JobId: eros-0-60ca321b

ExitStatus: finished
Running glide docking...
Removing previous job files...
BatchId: 51669
JobId: eros-0-60ca325d

ExitStatus: finished
Done.
Docking 4N1N...
Running ligprep job for ligand...
BatchId: 51670
JobId: eros-0-60ca327c

Running prepwizard job for refligand...
JobId: eros-0-60ca327f

Running prepwizard job for receptor...
JobId: eros-0-60ca3281

Running glide grid generation...
Removing previous job files...
BatchId: 51671
JobId: eros-0-60ca32c2

ExitStatus: finished
Running glide docking...
Removing previous job files...
BatchId: 51672
JobId: eros-0-60ca3304

ExitStatus: finished
Done.
Docking 4N7C...
Running ligprep job for ligand...
BatchId: 51673
JobId: eros-0-60ca3323

Running prepwizard job for refligand...
JobId: eros-0-60ca3325

Running prepwizard job for receptor...
JobId: eros-0-60ca3327

Running glide grid generation...
Removing previous job files...
BatchId: 51674
JobId: eros-0-60ca3366

ExitStatus: finished
Running glide docking...
Removing previous job files...
BatchId: 51675
JobId: eros-0-60ca33a6

ExitStatus: finished
Done.
Docking 4NQ8...
Running ligprep job for ligand...
BatchId: 51676
JobId: eros-0-60ca33c6

Running prepwizard job for refligand...
JobId: eros-0-60ca33c8

Running prepwizard job for receptor...
JobId: eros-0-60ca33c9

Running glide grid generation...
Removing previous job files...
BatchId: 51677
JobId: eros-0-60ca3447

ExitStatus: finished
Running glide docking...
Removing previous job files...
BatchId: 51678
JobId: eros-0-60ca3489

ExitStatus: finished
Done.
Docking 4OWU...
Running ligprep job for ligand...
BatchId: 51679
JobId: eros-0-60ca34c9

Running prepwizard job for refligand...
JobId: eros-0-60ca34cd

Running prepwizard job for receptor...
JobId: eros-0-60ca34ce

Running glide grid generation...
Removing previous job files...
BatchId: 51680
JobId: eros-0-60ca354c

ExitStatus: finished
Running glide docking...
Removing previous job files...
BatchId: 51681
JobId: eros-0-60ca358c

ExitStatus: finished
Done.
Docking 4OYI...
Running ligprep job for ligand...
BatchId: 51682
JobId: eros-0-60ca35ab

Running prepwizard job for refligand...
JobId: eros-0-60ca35ad

Running prepwizard job for receptor...
JobId: eros-0-60ca35af

Running glide grid generation...
Removing previous job files...
BatchId: 51683
JobId: eros-0-60ca362a

ExitStatus: finished
Running glide docking...
Removing previous job files...
BatchId: 51684
JobId: eros-0-60ca36a8

ExitStatus: finished
Done.
Docking 4P7X...
Running ligprep job for ligand...
BatchId: 51685
JobId: eros-0-60ca36c8

Running prepwizard job for refligand...
JobId: eros-0-60ca36cb

Running prepwizard job for receptor...
JobId: eros-0-60ca36cd

Running glide grid generation...
Removing previous job files...
BatchId: 51686
JobId: eros-0-60ca374a

ExitStatus: finished
Running glide docking...
Removing previous job files...
BatchId: 51687
JobId: eros-0-60ca378c

ExitStatus: finished
Done.
Docking 4QNA...
Running ligprep job for ligand...
BatchId: 51688
JobId: eros-0-60ca37ac

Running prepwizard job for refligand...
JobId: eros-0-60ca37af

Running prepwizard job for receptor...
JobId: eros-0-60ca37b0

Running glide grid generation...
Removing previous job files...
BatchId: 51689
JobId: eros-0-60ca37f0

ExitStatus: finished
Running glide docking...
Removing previous job files...
BatchId: 51690
JobId: eros-0-60ca3830

ExitStatus: finished
Done.
Docking 4RLQ...
Running ligprep job for ligand...
BatchId: 51691
JobId: eros-0-60ca3850

Running prepwizard job for refligand...
JobId: eros-0-60ca3851

Running prepwizard job for receptor...
JobId: eros-0-60ca3853

Running glide grid generation...
Removing previous job files...
BatchId: 51692
JobId: eros-0-60ca390c

ExitStatus: finished
Running glide docking...
Removing previous job files...
BatchId: 51693
JobId: eros-0-60ca398a

ExitStatus: finished
Done.
Docking 4UVO...
Running ligprep job for ligand...
BatchId: 51694
JobId: eros-0-60ca39aa

Running prepwizard job for refligand...
JobId: eros-0-60ca39ad

Running prepwizard job for receptor...
JobId: eros-0-60ca39af

Running glide grid generation...
Removing previous job files...
BatchId: 51695
JobId: eros-0-60ca39f0

ExitStatus: finished
Running glide docking...
Removing previous job files...
BatchId: 51696
JobId: eros-0-60ca3a30

ExitStatus: finished
Done.
Docking 4WMW...
Running ligprep job for ligand...
BatchId: 51697
JobId: eros-0-60ca3a50

Running prepwizard job for refligand...
JobId: eros-0-60ca3a52

Running prepwizard job for receptor...
JobId: eros-0-60ca3a53

Running glide grid generation...
Removing previous job files...
BatchId: 51698
JobId: eros-0-60ca3b85

ExitStatus: finished
Running glide docking...
Removing previous job files...
BatchId: 51699
JobId: eros-0-60ca3c02

ExitStatus: finished
Done.
Docking 4WY1...
Running ligprep job for ligand...
BatchId: 51700
JobId: eros-0-60ca3c22

Running prepwizard job for refligand...
JobId: eros-0-60ca3c25

Running prepwizard job for receptor...
JobId: eros-0-60ca3c27

Running glide grid generation...
Removing previous job files...
BatchId: 51701
JobId: eros-0-60ca3ca3

ExitStatus: finished
Running glide docking...
Removing previous job files...
BatchId: 51702
JobId: eros-0-60ca3ce3

ExitStatus: finished
Done.
Docking 4X0M...
Running ligprep job for ligand...
BatchId: 51703
JobId: eros-0-60ca3d03

Running prepwizard job for refligand...
JobId: eros-0-60ca3d05

Running prepwizard job for receptor...
JobId: eros-0-60ca3d06

Running glide grid generation...
Removing previous job files...
BatchId: 51704
JobId: eros-0-60ca3d83

ExitStatus: finished
Running glide docking...
Removing previous job files...
BatchId: 51705
JobId: eros-0-60ca3dc5

ExitStatus: finished
Done.
Docking 4XHB...
Running ligprep job for ligand...
BatchId: 51706
JobId: eros-0-60ca3e05

Running prepwizard job for refligand...
JobId: eros-0-60ca3e09

Running prepwizard job for receptor...
JobId: eros-0-60ca3e0b

Running glide grid generation...
Removing previous job files...
BatchId: 51707
JobId: eros-0-60ca3eff

ExitStatus: finished
Running glide docking...
Removing previous job files...
Input file(s) missing: '/mnt/data/praktikum03/WORK/Luis/Masterarbeit/Daten/LEADS-FRAG/ci0c00693_si_002/4XHB/prepwiz-refligand/prepwiz-refligand-out.mae'
(for more info, set SCHRODINGER_PYTHON_DEBUG environment variable)
[ERROR] Docking failed.
Docking 4XNE...
Running ligprep job for ligand...
BatchId: 51708
JobId: eros-0-60ca3f7d

Running prepwizard job for refligand...
JobId: eros-0-60ca3f7e

Running prepwizard job for receptor...
JobId: eros-0-60ca3f80

Running glide grid generation...
Removing previous job files...
BatchId: 51709
JobId: eros-0-60ca3ffe

ExitStatus: finished
Running glide docking...
Removing previous job files...
BatchId: 51710
JobId: eros-0-60ca403f

ExitStatus: finished
Done.
Docking 4Y4E...
Running ligprep job for ligand...
BatchId: 51711
JobId: eros-0-60ca405f

Running prepwizard job for refligand...
JobId: eros-0-60ca4062

Running prepwizard job for receptor...
JobId: eros-0-60ca4064

Running glide grid generation...
Removing previous job files...
BatchId: 51712
JobId: eros-0-60ca40e0

ExitStatus: finished
Running glide docking...
Removing previous job files...
BatchId: 51713
JobId: eros-0-60ca4120

ExitStatus: finished
Done.
Docking 4YAB...
Running ligprep job for ligand...
BatchId: 51714
JobId: eros-0-60ca4140

Running prepwizard job for refligand...
JobId: eros-0-60ca4141

Running prepwizard job for receptor...
JobId: eros-0-60ca4143

Running glide grid generation...
Removing previous job files...
BatchId: 51715
JobId: eros-0-60ca4183

ExitStatus: finished
Running glide docking...
Removing previous job files...
BatchId: 51716
JobId: eros-0-60ca41a2

ExitStatus: finished
Done.
Docking 4YJI...
Running ligprep job for ligand...
BatchId: 51717
JobId: eros-0-60ca41b2

Running prepwizard job for refligand...
JobId: eros-0-60ca41b4

Running prepwizard job for receptor...
JobId: eros-0-60ca41b5

Running glide grid generation...
Removing previous job files...
BatchId: 51718
JobId: eros-0-60ca426e

ExitStatus: finished
Running glide docking...
Removing previous job files...
BatchId: 51719
JobId: eros-0-60ca42b0

ExitStatus: finished
Done.
Docking 4YPX...
Running ligprep job for ligand...
BatchId: 51720
JobId: eros-0-60ca42cf

Running prepwizard job for refligand...
JobId: eros-0-60ca42d3

Running prepwizard job for receptor...
JobId: eros-0-60ca42d4

Running glide grid generation...
Removing previous job files...
BatchId: 51721
JobId: eros-0-60ca4315

ExitStatus: finished
Running glide docking...
Removing previous job files...
BatchId: 51722
JobId: eros-0-60ca4355

ExitStatus: finished
Done.
Docking 4YRW...
Running ligprep job for ligand...
BatchId: 51723
JobId: eros-0-60ca4375

Running prepwizard job for refligand...
JobId: eros-0-60ca4377

Running prepwizard job for receptor...
JobId: eros-0-60ca4378

Running glide grid generation...
Removing previous job files...
BatchId: 51724
JobId: eros-0-60ca4599

ExitStatus: finished
Running glide docking...
Removing previous job files...
BatchId: 51725
JobId: eros-0-60ca468e

ExitStatus: finished
Done.
Docking 4ZSG...
Running ligprep job for ligand...
BatchId: 51726
JobId: eros-0-60ca46ae

Running prepwizard job for refligand...
JobId: eros-0-60ca46b1

Running prepwizard job for receptor...
JobId: eros-0-60ca46b3

Running glide grid generation...
Removing previous job files...
BatchId: 51727
JobId: eros-0-60ca4730

ExitStatus: finished
Running glide docking...
Removing previous job files...
BatchId: 51728
JobId: eros-0-60ca4772

ExitStatus: finished
Done.
Docking 4ZSI...
Running ligprep job for ligand...
BatchId: 51729
JobId: eros-0-60ca4792

Running prepwizard job for refligand...
JobId: eros-0-60ca4795

Running prepwizard job for receptor...
JobId: eros-0-60ca4796

Running glide grid generation...
Removing previous job files...
BatchId: 51730
JobId: eros-0-60ca47d6

ExitStatus: finished
Running glide docking...
Removing previous job files...
BatchId: 51731
JobId: eros-0-60ca47f6

ExitStatus: finished
Done.
Docking 5AIB...
Running ligprep job for ligand...
BatchId: 51732
JobId: eros-0-60ca4815

Running prepwizard job for refligand...
JobId: eros-0-60ca4817

Running prepwizard job for receptor...
JobId: eros-0-60ca4819

Running glide grid generation...
Removing previous job files...
BatchId: 51733
JobId: eros-0-60ca48d1

ExitStatus: finished
Running glide docking...
Removing previous job files...
BatchId: 51734
JobId: eros-0-60ca494e

ExitStatus: finished
Done.
Docking 5D7X...
Running ligprep job for ligand...
BatchId: 51735
JobId: eros-0-60ca496e

Running prepwizard job for refligand...
JobId: eros-0-60ca4971

Running prepwizard job for receptor...
JobId: eros-0-60ca4973

Running glide grid generation...
Removing previous job files...
BatchId: 51736
JobId: eros-0-60ca49b4

ExitStatus: finished
Running glide docking...
Removing previous job files...
BatchId: 51737
JobId: eros-0-60ca49d5

ExitStatus: finished
Done.
Docking 5E9I...
Running ligprep job for ligand...
BatchId: 51738
JobId: eros-0-60ca49f6

Running prepwizard job for refligand...
JobId: eros-0-60ca49f9

Running prepwizard job for receptor...
JobId: eros-0-60ca49fa

Running glide grid generation...
Removing previous job files...
BatchId: 51739
JobId: eros-0-60ca4a1a

ExitStatus: finished
Running glide docking...
Removing previous job files...
BatchId: 51740
JobId: eros-0-60ca4a3a

ExitStatus: finished
Done.
Docking 5EP3...
Running ligprep job for ligand...
BatchId: 51741
JobId: eros-0-60ca4a59

Running prepwizard job for refligand...
JobId: eros-0-60ca4a5b

Running prepwizard job for receptor...
JobId: eros-0-60ca4a5d

Running glide grid generation...
Removing previous job files...
BatchId: 51742
JobId: eros-0-60ca4a9d

ExitStatus: finished
Running glide docking...
Removing previous job files...
BatchId: 51743
JobId: eros-0-60ca4add

ExitStatus: finished
Done.
Docking 5F25...
Running ligprep job for ligand...
BatchId: 51744
JobId: eros-0-60ca4afc

Running prepwizard job for refligand...
JobId: eros-0-60ca4afe

Running prepwizard job for receptor...
JobId: eros-0-60ca4b00

Running glide grid generation...
Removing previous job files...
BatchId: 51745
JobId: eros-0-60ca4b41

ExitStatus: finished
Running glide docking...
Removing previous job files...
BatchId: 51746
JobId: eros-0-60ca4b63

ExitStatus: finished
Done.
Docking 5F6W...
Running ligprep job for ligand...
BatchId: 51747
JobId: eros-0-60ca4b73

Running prepwizard job for refligand...
JobId: eros-0-60ca4b76

Running prepwizard job for receptor...
JobId: eros-0-60ca4b78

Running glide grid generation...
Removing previous job files...
BatchId: 51748
JobId: eros-0-60ca4bb9

ExitStatus: finished
Running glide docking...
Removing previous job files...
Input file(s) missing: '/mnt/data/praktikum03/WORK/Luis/Masterarbeit/Daten/LEADS-FRAG/ci0c00693_si_002/5F6W/prepwiz-refligand/prepwiz-refligand-out.mae'
(for more info, set SCHRODINGER_PYTHON_DEBUG environment variable)
[ERROR] Docking failed.
Docking 5FNQ...
Running ligprep job for ligand...
BatchId: 51749
JobId: eros-0-60ca4bdb

Running prepwizard job for refligand...
JobId: eros-0-60ca4bde

Running prepwizard job for receptor...
JobId: eros-0-60ca4be0

Running glide grid generation...
Removing previous job files...
BatchId: 51750
JobId: eros-0-60ca4c5c

ExitStatus: finished
Running glide docking...
Removing previous job files...
BatchId: 51751
JobId: eros-0-60ca4c9c

ExitStatus: finished
Done.
Docking 5FRV...
Running ligprep job for ligand...
BatchId: 51752
JobId: eros-0-60ca4cbb

Running prepwizard job for refligand...
JobId: eros-0-60ca4cbd

Running prepwizard job for receptor...
JobId: eros-0-60ca4cbf

Running glide grid generation...
Removing previous job files...
BatchId: 51753
JobId: eros-0-60ca4cfe

ExitStatus: finished
Running glide docking...
Removing previous job files...
Input file(s) missing: '/mnt/data/praktikum03/WORK/Luis/Masterarbeit/Daten/LEADS-FRAG/ci0c00693_si_002/5FRV/prepwiz-refligand/prepwiz-refligand-out.mae'
(for more info, set SCHRODINGER_PYTHON_DEBUG environment variable)
[ERROR] Docking failed.
Docking 5ILW...
Running ligprep job for ligand...
BatchId: 51754
JobId: eros-0-60ca4d3f

Running prepwizard job for refligand...
JobId: eros-0-60ca4d41

Running prepwizard job for receptor...
JobId: eros-0-60ca4d43

Running glide grid generation...
Removing previous job files...
BatchId: 51755
JobId: eros-0-60ca4d84

ExitStatus: finished
Running glide docking...
Removing previous job files...
BatchId: 51756
JobId: eros-0-60ca4dc5

ExitStatus: finished
Done.
Docking nohup.out...
[ERROR] Config file not found: nohup.out/glide_dock.conf
